0 info it worked if it ends with ok
1 verbose cli [ 'C:\\Program Files\\nodejs\\node.exe',
1 verbose cli   'C:\\Program Files\\nodejs\\node_modules\\npm\\bin\\npm-cli.js',
1 verbose cli   'run',
1 verbose cli   'build' ]
2 info using npm@3.10.10
3 info using node@v6.9.3
4 verbose run-script [ 'prebuild', 'build', 'postbuild' ]
5 info lifecycle portfolio@1.0.0~prebuild: portfolio@1.0.0
6 silly lifecycle portfolio@1.0.0~prebuild: no script for prebuild, continuing
7 info lifecycle portfolio@1.0.0~build: portfolio@1.0.0
8 verbose lifecycle portfolio@1.0.0~build: unsafe-perm in lifecycle true
9 verbose lifecycle portfolio@1.0.0~build: PATH: C:\Users\Angelo\AppData\Roaming\nvm\v6.9.3\node_modules\npm\bin\node-gyp-bin;E:\Documents\Projects\heroku potfolio test\heroku-test\node_modules\.bin;C:\Program Files (x86)\Razer Chroma SDK\bin;C:\Program Files\Razer Chroma SDK\bin;C:\Program Files (x86)\Razer\ChromaBroadcast\bin;C:\Program Files\Razer\ChromaBroadcast\bin;C:\Program Files (x86)\Common Files\Oracle\Java\javapath;C:\Windows\system32;C:\Windows;C:\Windows\System32\Wbem;C:\Windows\System32\WindowsPowerShell\v1.0\;C:\Windows\System32\OpenSSH\;C:\Program Files (x86)\NVIDIA Corporation\PhysX\Common;C:\Program Files\NVIDIA Corporation\NVIDIA NvDLISR;C:\Program Files\Git\cmd;C:\Users\Angelo\AppData\Roaming\nvm;C:\Program Files\nodejs;C:\apache-maven-3.6.3\bin;"C:\Program Files\Java\jdk1.8.0_171\bin;C:\Program Files (x86)\Common Files\Oracle\Java\javapath;C:\Windows\system32;C:\Windows;C:\Windows\System32\Wbem;C:\Windows\System32\WindowsPowerShell\v1.0\;C:\Windows\System32\OpenSSH\;C:\Program Files (x86)\NVIDIA Corporation\PhysX\Common;C:\Program Files\NVIDIA Corporation\NVIDIA NvDLISR;C:\Program Files\Git\cmd;C:\Users\Angelo\AppData\Roaming\nvm;C:\Program Files\nodejs;C:\apache-maven-3.6.3\bin;";C:\Program Files (x86)\Common Files\Oracle\Java\javapath;C:\Windows\system32;C:\Windows;C:\Windows\System32\Wbem;C:\Windows\System32\WindowsPowerShell\v1.0\;C:\Windows\System32\OpenSSH\;C:\Program Files (x86)\NVIDIA Corporation\PhysX\Common;C:\Program Files\NVIDIA Corporation\NVIDIA NvDLISR;C:\Program Files\Git\cmd;C:\Users\Angelo\AppData\Roaming\nvm;C:\Program Files\nodejs;C:\apache-maven-3.6.3\bin;"C:\Program Files\Java\jdk1.8.0_171\bin;C:\Windows\System32";";;C:\ProgramData\DockerDesktop\version-bin";C:\Windows\system32\config\systemprofile\AppData\Local\Microsoft\WindowsApps;C:\Users\Angelo\AppData\Local\Programs\Python\Python38-32\Scripts\;C:\Users\Angelo\AppData\Local\Programs\Python\Python38-32\;C:\Users\Angelo\AppData\Local\Programs\Microsoft VS Code\bin;C:\Users\Angelo\AppData\Roaming\npm;C:\Users\Angelo\AppData\Local\Microsoft\WindowsApps;C:\Users\Angelo\AppData\Local\GitHubDesktop\bin;C:\mongodb-win32-x86_64-2012plus-4.2.8\bin\;;C:\Program Files (x86)\Calibre2\;C:\Program Files\Docker\Docker\resources\bin;C:\ProgramData\DockerDesktop\version-bin;C:\Users\Angelo\AppData\Local\Programs\Python\Python38-32\Scripts\;C:\Users\Angelo\AppData\Local\Programs\Python\Python38-32\;C:\Users\Angelo\AppData\Local\Microsoft\WindowsApps;C:\Users\Angelo\AppData\Local\Programs\Microsoft VS Code\bin;C:\Users\Angelo\AppData\Roaming\npm;C:\Users\Angelo\AppData\Local\GitHubDesktop\bin;C:\Users\Angelo\AppData\Roaming\nvm;C:\Program Files\nodejs;C:\apache-maven-3.6.3\bin;"C:\Program Files\Java\jdk1.8.0_171\bin;C:\Program Files (x86)\Razer Chroma SDK\bin;C:\Program Files\Razer Chroma SDK\bin;C:\Program Files (x86)\Razer\ChromaBroadcast\bin;C:\Program Files\Razer\ChromaBroadcast\bin;C:\Program Files (x86)\Common Files\Oracle\Java\javapath;C:\Windows\system32;C:\Windows;C:\Windows\System32\Wbem;C:\Windows\System32\WindowsPowerShell\v1.0\;C:\Windows\System32\OpenSSH\;C:\Program Files (x86)\NVIDIA Corporation\PhysX\Common;C:\Program Files\NVIDIA Corporation\NVIDIA NvDLISR;C:\Program Files\Git\cmd;C:\Users\Angelo\AppData\Roaming\nvm;C:\Program Files\nodejs;C:\apache-maven-3.6.3\bin;"C:\Program Files\Java\jdk1.8.0_171\bin;C:\Program Files (x86)\Common Files\Oracle\Java\javapath;C:\Windows\system32;C:\Windows;C:\Windows\System32\Wbem;C:\Windows\System32\WindowsPowerShell\v1.0\;C:\Windows\System32\OpenSSH\;C:\Program Files (x86)\NVIDIA Corporation\PhysX\Common;C:\Program Files\NVIDIA Corporation\NVIDIA NvDLISR;C:\Program Files\Git\cmd;C:\Users\Angelo\AppData\Roaming\nvm;C:\Program Files\nodejs;C:\apache-maven-3.6.3\bin;";C:\Program Files (x86)\Common Files\Oracle\Java\javapath;C:\Windows\system32;C:\Windows;C:\Windows\System32\Wbem;C:\Windows\System32\WindowsPowerShell\v1.0\;C:\Windows\System32\OpenSSH\;C:\Program Files (x86)\NVIDIA Corporation\PhysX\Common;C:\Program Files\NVIDIA Corporation\NVIDIA NvDLISR;C:\Program Files\Git\cmd;C:\Users\Angelo\AppData\Roaming\nvm;C:\Program Files\nodejs;C:\apache-maven-3.6.3\bin;"C:\Program Files\Java\jdk1.8.0_171\bin;C:\Windows\System32";";;C:\ProgramData\DockerDesktop\version-bin";C:\Windows\system32\config\systemprofile\AppData\Local\Microsoft\WindowsApps;C:\Users\Angelo\AppData\Local\Programs\Python\Python38-32\Scripts\;C:\Users\Angelo\AppData\Local\Programs\Python\Python38-32\;C:\Users\Angelo\AppData\Local\Programs\Microsoft VS Code\bin;C:\Users\Angelo\AppData\Roaming\npm;C:\Users\Angelo\AppData\Local\Microsoft\WindowsApps;C:\Users\Angelo\AppData\Local\GitHubDesktop\bin;C:\mongodb-win32-x86_64-2012plus-4.2.8\bin\;;C:\Program Files (x86)\Calibre2\;C:\Program Files\Docker\Docker\resources\bin;C:\ProgramData\DockerDesktop\version-bin";C:\Users\Angelo\AppData\Local\Microsoft\WindowsApps;C:\Users\Angelo\AppData\Local\GitHubDesktop\bin;C:\mongodb-win32-x86_64-2012plus-4.2.8\bin\;;C:\mongodb-win32-x86_64-2012plus-4.2.8\bin\;C:\Program Files\heroku\bin
10 verbose lifecycle portfolio@1.0.0~build: CWD: E:\Documents\Projects\heroku potfolio test\heroku-test
11 silly lifecycle portfolio@1.0.0~build: Args: [ '/d /s /c', 'next build' ]
12 silly lifecycle portfolio@1.0.0~build: Returned: code: 1  signal: null
13 info lifecycle portfolio@1.0.0~build: Failed to exec build script
14 verbose stack Error: portfolio@1.0.0 build: `next build`
14 verbose stack Exit status 1
14 verbose stack     at EventEmitter.<anonymous> (C:\Users\Angelo\AppData\Roaming\nvm\v6.9.3\node_modules\npm\lib\utils\lifecycle.js:255:16)
14 verbose stack     at emitTwo (events.js:106:13)
14 verbose stack     at EventEmitter.emit (events.js:191:7)
14 verbose stack     at ChildProcess.<anonymous> (C:\Users\Angelo\AppData\Roaming\nvm\v6.9.3\node_modules\npm\lib\utils\spawn.js:40:14)
14 verbose stack     at emitTwo (events.js:106:13)
14 verbose stack     at ChildProcess.emit (events.js:191:7)
14 verbose stack     at maybeClose (internal/child_process.js:877:16)
14 verbose stack     at Process.ChildProcess._handle.onexit (internal/child_process.js:226:5)
15 verbose pkgid portfolio@1.0.0
16 verbose cwd E:\Documents\Projects\heroku potfolio test\heroku-test
17 error Windows_NT 10.0.18363
18 error argv "C:\\Program Files\\nodejs\\node.exe" "C:\\Program Files\\nodejs\\node_modules\\npm\\bin\\npm-cli.js" "run" "build"
19 error node v6.9.3
20 error npm  v3.10.10
21 error code ELIFECYCLE
22 error portfolio@1.0.0 build: `next build`
22 error Exit status 1
23 error Failed at the portfolio@1.0.0 build script 'next build'.
23 error Make sure you have the latest version of node.js and npm installed.
23 error If you do, this is most likely a problem with the portfolio package,
23 error not with npm itself.
23 error Tell the author that this fails on your system:
23 error     next build
23 error You can get information on how to open an issue for this project with:
23 error     npm bugs portfolio
23 error Or if that isn't available, you can get their info via:
23 error     npm owner ls portfolio
23 error There is likely additional logging output above.
24 verbose exit [ 1, true ]
